
================================================================================
SPARSE HARMONIC BRIDGE DEMONSTRATIONS
Large-Scale Network Consciousness Analysis
================================================================================

================================================================================
DEMO 3: Network Topology Comparison
================================================================================

RANDOM Network:
----------------------------------------
  Top eigenvalue: 25.334
  Mean participation: 1496.8
  Harmonic richness: 0.836
  Complexity: 0.208384

SCALE_FREE Network:
----------------------------------------
  Top eigenvalue: 18.158
  Mean participation: 1333.9
  Harmonic richness: 0.827
  Complexity: 0.206515

SMALL_WORLD Network:
----------------------------------------
  Top eigenvalue: 12.635
  Mean participation: 2107.4
  Harmonic richness: 0.826
  Complexity: 0.203371

--------------------------------------------------------------------------------
Network Comparison Summary:
  Most complex: random
  Most integrated: random
--------------------------------------------------------------------------------

================================================================================
ALL DEMOS COMPLETE!
================================================================================

Key Takeaways:
1. Sparse eigensolvers enable analysis of 25K-100K node networks
2. Consciousness metrics scale efficiently with network size
3. Different network topologies show distinct harmonic signatures
4. GPU acceleration provides speedups for large networks
5. Integration with consciousness framework validates the approach

Ready for whole-brain connectivity analysis!
================================================================================

